<?xml version="1.0" encoding="UTF-8"?>
<!-- Generated by org.testng.reporters.JUnitXMLReporter -->
<testsuite ignored="0" hostname="LAPTOP-NULB6AOA" failures="0" tests="4" name="Test" time="22.186" errors="0" timestamp="2021-02-22T12:41:30 MST">
  <testcase classname="Academy.ValidatetextTest" name="testFeaturedCoursesText" time="0.066"/>
  <testcase classname="Academy.HomepageTest" name="testSignIn" time="6.216"/>
  <testcase classname="Academy.HomepageTest" name="testSignIn" time="3.159"/>
  <testcase classname="Academy.ValidateNavigationBarTest" name="ValidateNavigationBarTest" time="0.087"/>
</testsuite> <!-- Test -->
