<?xml version="1.0" encoding="UTF-8"?>
<testsuite xmlns:xsi="http://www.w3.org/2001/XMLSchema-instance" xsi:noNamespaceSchemaLocation="https://maven.apache.org/surefire/maven-surefire-plugin/xsd/surefire-test-report-3.0.xsd" version="3.0" name="TestSuite" time="23.138" tests="5" errors="0" skipped="0" failures="0">
  <properties>
[...]
</properties>
  <testcase name="testFeaturedCoursesText" classname="Academy.ValidatetextTest" time="0.179">
    <system-out><![CDATA[FEATURED COURSES
]]></system-out>
    <system-err><![CDATA[1614202867004	geckodriver	INFO	Listening on 127.0.0.1:36213
1614202867007	geckodriver	INFO	Listening on 127.0.0.1:5112
1614202867011	geckodriver	INFO	Listening on 127.0.0.1:7438
1614202867696	mozrunner::runner	INFO	Running command: "C:\\Program Files\\Mozilla Firefox\\firefox.exe" "--marionette" "-foreground" "-no-remote" "-profile" "C:\\Users\\srikg\\AppData\\Local\\Temp\\rust_mozprofileO5PvdT"
1614202867696	mozrunner::runner	INFO	Running command: "C:\\Program Files\\Mozilla Firefox\\firefox.exe" "--marion16e1t4t2e0"2 8"6-7f7o0r0	emgorzoruunnnde"r ::"r-unnon-erre	mIoNtFeO"	 R"u-nnpirnogf icloem"m a"ndC:: \"\CU:s\e\rPsr\o\gsrarmi Fkigle\s\\A\pMpoDzaitlal\a\ FLiorcefaoxl\\\f\iTreemfpo\x\.reuxset"_ m"oz-p-rmoafriiloen8e8tCtNeM" E"-f"o
reground" "-no-remote" "-profile" "C:\\Users\\srikg\\AppData\\Local\\Temp\\rust_mozprofilelsjoqE"
console.warn: SearchSettings: "get: No settings file exists, new profile?" (new Error("", "(unknown module)"))
console.warn: SearchSettings: "get: No settings file exists, new profile?" (new Error("", "(unknown module)"))
console.warn: SearchSettings: "get: No settings file exists, new profile?" (new Error("", "(unknown module)"))
1614202872905	Marionette	INFO	Listening on port 61772
1614202873111	Marionette	WARN	TLS certificate errors will be ignored for this session
Feb 24, 2021 2:41:13 PM org.openqa.selenium.remote.ProtocolHandshake createSession
INFO: Detected dialect: W3C
1614202873484	Marionette	INFO	Listening on port 61771
1614202873490	Marionette	INFO	Listening on port 61773
1614202873582	Marionette	WARN	TLS certificate errors will be ignored for this session
Feb 24, 2021 2:41:13 PM org.openqa.selenium.remote.ProtocolHandshake createSession
INFO: Detected dialect: W3C
1614202873617	Marionette	WARN	TLS certificate errors will be ignored for this session
Feb 24, 2021 2:41:13 PM org.openqa.selenium.remote.ProtocolHandshake createSession
INFO: Detected dialect: W3C
]]></system-err>
  </testcase>
  <testcase name="testVideoText" classname="Academy.ValidatetextTest" time="0.124">
    <system-out><![CDATA[AN ACADEMY TO LEARN EVERYTHING ABOUT TESTING
]]></system-out>
  </testcase>
  <testcase name="ValidateNavigationBarTest" classname="Academy.ValidateNavigationBarTest" time="0.314">
    <system-out><![CDATA[true
]]></system-out>
    <system-err><![CDATA[1614202878403	Marionette	INFO	Stopped listening on port 61772
]]></system-err>
  </testcase>
  <testcase name="testSignIn[abc@gmail.com, pass12, test1](1)" classname="Academy.HomepageTest" time="3.571">
    <system-out><![CDATA[test1
]]></system-out>
    <system-err><![CDATA[1614202879336	Marionette	INFO	Stopped listening on port 61773

###!!! [Child][MessageChannel] Error: (msgtype=0x3A0146,name=PContent::Msg_ScriptError) Channel closing: too late to send/recv, messages will be lost


###!!! [Child][RunMessage] Error: Channel closing: too late to send/recv, messages will be lost


###!!! [Child][MessageChannel] Error: (msgtype=0x3A0146,name=PContent::Msg_ScriptError) Channel closing: too late to send/recv, messages will be lost


###!!! [Child][RunMessage] Error: Channel closing: too late to send/recv, messages will be lost


###!!! [Child][MessageChannel] Error: (msgtype=0x3A0146,name=PContent::Msg_ScriptError) Channel closing: too late to send/recv, messages will be lost


###!!! [Child][RunMessage] Error: Channel closing: too late to send/recv, messages will be lost


###!!! [Child][RunMessage] Error: Channel closing: too late to send/recv, messages will be lost


###!!! [Child][RunMessage] Error: Channel closing: too late to send/recv, messages will be lost

]]></system-err>
  </testcase>
  <testcase name="testSignIn[abcd@gmail.com, pass123, test2](2)" classname="Academy.HomepageTest" time="4.981">
    <system-out><![CDATA[test2
]]></system-out>
  </testcase>
</testsuite>